./process_unit.sh: line 20: cdo: command not found
./process_unit.sh: line 20: cdo: command not found
./process_unit.sh: line 20: cdo: command not found
./process_unit.sh: line 20: cdo: command not found
./process_unit.sh: line 20: cdo: command not found
./process_unit.sh: line 20: cdo: command not found
./process_unit.sh: line 20: cdo: command not found
./process_unit.sh: line 20: cdo: command not found
./process_unit.sh: line 20: cdo: command not found
./process_unit.sh: line 20: cdo: command not found
./process_unit.sh: line 20: cdo: command not found
./process_unit.sh: line 20: cdo: command not found
./process_unit.sh: line 20: cdo: command not found
./process_unit.sh: line 20: cdo: command not found
./process_unit.sh: line 20: cdo: command not found
./process_unit.sh: line 20: cdo: command not found
./process_unit.sh: line 20: cdo: command not found
./process_unit.sh: line 20: cdo: command not found
./process_unit.sh: line 20: cdo: command not found
./process_unit.sh: line 20: cdo: command not found
./process_unit.sh: line 20: cdo: command not found
./process_unit.sh: line 20: cdo: command not found
./process_unit.sh: line 20: cdo: command not found
./process_unit.sh: line 20: cdo: command not found
./process_unit.sh: line 20: cdo: command not found
./process_unit.sh: line 20: cdo: command not found
./process_unit.sh: line 20: cdo: command not found
./process_unit.sh: line 20: cdo: command not found
./process_unit.sh: line 20: cdo: command not found
./process_unit.sh: line 20: cdo: command not found
./process_unit.sh: line 20: cdo: command not found
./process_unit.sh: line 20: cdo: command not found
./process_unit.sh: line 20: cdo: command not found
./process_unit.sh: line 20: cdo: command not found
./process_unit.sh: line 20: cdo: command not found
./process_unit.sh: line 20: cdo: command not found
./process_unit.sh: line 20: cdo: command not found
./process_unit.sh: line 20: cdo: command not found
./process_unit.sh: line 20: cdo: command not found
./process_unit.sh: line 20: cdo: command not found
./process_unit.sh: line 20: cdo: command not found
./process_unit.sh: line 20: cdo: command not found
./process_unit.sh: line 20: cdo: command not found
./process_unit.sh: line 20: cdo: command not found
./process_unit.sh: line 20: cdo: command not found
./process_unit.sh: line 20: cdo: command not found
./process_unit.sh: line 20: cdo: command not found
./process_unit.sh: line 20: cdo: command not found
./process_unit.sh: line 20: cdo: command not found
./process_unit.sh: line 20: cdo: command not found
./process_unit.sh: line 20: cdo: command not found
./process_unit.sh: line 20: cdo: command not found
./process_unit.sh: line 20: cdo: command not found
./process_unit.sh: line 20: cdo: command not found
./process_unit.sh: line 20: cdo: command not found
./process_unit.sh: line 20: cdo: command not found
./process_unit.sh: line 20: cdo: command not found
./process_unit.sh: line 20: cdo: command not found
./process_unit.sh: line 20: cdo: command not found
./process_unit.sh: line 20: cdo: command not found
./process_unit.sh: line 20: cdo: command not found
./process_unit.sh: line 20: cdo: command not found
./process_unit.sh: line 20: cdo: command not found
./process_unit.sh: line 20: cdo: command not found
./process_unit.sh: line 20: cdo: command not found
./process_unit.sh: line 20: cdo: command not found
./process_unit.sh: line 20: cdo: command not found
./process_unit.sh: line 20: cdo: command not found
./process_unit.sh: line 20: cdo: command not found
./process_unit.sh: line 20: cdo: command not found
./process_unit.sh: line 20: cdo: command not found
./process_unit.sh: line 20: cdo: command not found
./process_unit.sh: line 20: cdo: command not found
./process_unit.sh: line 20: cdo: command not found
./process_unit.sh: line 20: cdo: command not found
./process_unit.sh: line 20: cdo: command not found
./process_unit.sh: line 20: cdo: command not found
./process_unit.sh: line 20: cdo: command not found
./process_unit.sh: line 20: cdo: command not found
./process_unit.sh: line 20: cdo: command not found
./process_unit.sh: line 20: cdo: command not found
./process_unit.sh: line 20: cdo: command not found
./process_unit.sh: line 20: cdo: command not found
./process_unit.sh: line 20: cdo: command not found
./process_unit.sh: line 20: cdo: command not found
./process_unit.sh: line 20: cdo: command not found
./process_unit.sh: line 20: cdo: command not found
./process_unit.sh: line 20: cdo: command not found
./process_unit.sh: line 20: cdo: command not found
./process_unit.sh: line 20: cdo: command not found
./process_unit.sh: line 20: cdo: command not found
./process_unit.sh: line 20: cdo: command not found
./process_unit.sh: line 20: cdo: command not found
./process_unit.sh: line 20: cdo: command not found
./process_unit.sh: line 20: cdo: command not found
./process_unit.sh: line 20: cdo: command not found
./process_unit.sh: line 20: cdo: command not found
./process_unit.sh: line 20: cdo: command not found
./process_unit.sh: line 20: cdo: command not found
./process_unit.sh: line 20: cdo: command not found
./process_unit.sh: line 20: cdo: command not found
./process_unit.sh: line 20: cdo: command not found
./process_unit.sh: line 20: cdo: command not found
./process_unit.sh: line 20: cdo: command not found
./process_unit.sh: line 20: cdo: command not found
./process_unit.sh: line 20: cdo: command not found
./process_unit.sh: line 20: cdo: command not found
./process_unit.sh: line 20: cdo: command not found
./process_unit.sh: line 20: cdo: command not found
./process_unit.sh: line 20: cdo: command not found
./process_unit.sh: line 20: cdo: command not found
./process_unit.sh: line 20: cdo: command not found
./process_unit.sh: line 20: cdo: command not found
./process_unit.sh: line 20: cdo: command not found
./process_unit.sh: line 20: cdo: command not found
./process_unit.sh: line 20: cdo: command not found
./process_unit.sh: line 20: cdo: command not found
./process_unit.sh: line 20: cdo: command not found
./process_unit.sh: line 20: cdo: command not found
./process_unit.sh: line 20: cdo: command not found
./process_unit.sh: line 20: cdo: command not found
./process_unit.sh: line 20: cdo: command not found
./process_unit.sh: line 20: cdo: command not found
./process_unit.sh: line 20: cdo: command not found
./process_unit.sh: line 20: cdo: command not found
./process_unit.sh: line 20: cdo: command not found
./process_unit.sh: line 20: cdo: command not found
./process_unit.sh: line 20: cdo: command not found
./process_unit.sh: line 20: cdo: command not found
./process_unit.sh: line 20: cdo: command not found
./process_unit.sh: line 20: cdo: command not found
./process_unit.sh: line 20: cdo: command not found
./process_unit.sh: line 20: cdo: command not found
./process_unit.sh: line 26: cdo: command not found
./process_unit.sh: line 26: cdo: command not found
./process_unit.sh: line 26: cdo: command not found
./process_unit.sh: line 26: cdo: command not found
./process_unit.sh: line 20: cdo: command not found
./process_unit.sh: line 26: cdo: command not found
./process_unit.sh: line 20: cdo: command not found
./process_unit.sh: line 20: cdo: command not found
./process_unit.sh: line 20: cdo: command not found
./process_unit.sh: line 20: cdo: command not found
./process_unit.sh: line 26: cdo: command not found
./process_unit.sh: line 20: cdo: command not found
./process_unit.sh: line 26: cdo: command not found
./process_unit.sh: line 20: cdo: command not found
./process_unit.sh: line 20: cdo: command not found
./process_unit.sh: line 26: cdo: command not found
./process_unit.sh: line 26: cdo: command not found
./process_unit.sh: line 20: cdo: command not found
./process_unit.sh: line 20: cdo: command not found
./process_unit.sh: line 26: cdo: command not found
./process_unit.sh: line 20: cdo: command not found
./process_unit.sh: line 20: cdo: command not found
./process_unit.sh: line 20: cdo: command not found
./process_unit.sh: line 20: cdo: command not found
rm: ukesm1-0-ll_r1i1p1f2_w5e5_ssp126_tas_mojave_monthly_[0-9]*.nc: No such file or directory
rm: mri-esm2-0_r1i1p1f1_w5e5_ssp126_tas_mojave_monthly_[0-9]*.nc: No such file or directory
rm: ipsl-cm6a-lr_r1i1p1f1_w5e5_ssp126_tas_mojave_monthly_[0-9]*.nc: No such file or directory
./process_unit.sh: line 20: cdo: command not found
./process_unit.sh: line 20: cdo: command not found
rm: gfdl-esm4_r1i1p1f1_w5e5_ssp585_tas_mojave_monthly_[0-9]*.nc: No such file or directory
rm: gfdl-esm4_r1i1p1f1_w5e5_ssp126_tas_mojave_monthly_[0-9]*.nc: No such file or directory
./process_unit.sh: line 20: cdo: command not found
./process_unit.sh: line 20: cdo: command not found
rm: ipsl-cm6a-lr_r1i1p1f1_w5e5_ssp585_tas_mojave_monthly_[0-9]*.nc: No such file or directory
./process_unit.sh: line 20: cdo: command not found
rm: mpi-esm1-2-hr_r1i1p1f1_w5e5_ssp585_tas_mojave_monthly_[0-9]*.nc: No such file or directory
./process_unit.sh: line 20: cdo: command not found
./process_unit.sh: line 20: cdo: command not found
./process_unit.sh: line 20: cdo: command not found
rm: mpi-esm1-2-hr_r1i1p1f1_w5e5_ssp126_tas_mojave_monthly_[0-9]*.nc: No such file or directory
./process_unit.sh: line 20: cdo: command not found
./process_unit.sh: line 20: cdo: command not found
./process_unit.sh: line 20: cdo: command not found
rm: ukesm1-0-ll_r1i1p1f2_w5e5_ssp585_tas_mojave_monthly_[0-9]*.nc: No such file or directory
./process_unit.sh: line 20: cdo: command not found
./process_unit.sh: line 20: cdo: command not found
rm: mri-esm2-0_r1i1p1f1_w5e5_ssp585_tas_mojave_monthly_[0-9]*.nc: No such file or directory
./process_unit.sh: line 20: cdo: command not found
./process_unit.sh: line 20: cdo: command not found
./process_unit.sh: line 20: cdo: command not found
./process_unit.sh: line 20: cdo: command not found
./process_unit.sh: line 20: cdo: command not found
./process_unit.sh: line 20: cdo: command not found
./process_unit.sh: line 20: cdo: command not found
./process_unit.sh: line 20: cdo: command not found
./process_unit.sh: line 20: cdo: command not found
./process_unit.sh: line 20: cdo: command not found
./process_unit.sh: line 20: cdo: command not found
./process_unit.sh: line 20: cdo: command not found
./process_unit.sh: line 26: cdo: command not found
./process_unit.sh: line 20: cdo: command not found
./process_unit.sh: line 20: cdo: command not found
./process_unit.sh: line 20: cdo: command not found
./process_unit.sh: line 20: cdo: command not found
./process_unit.sh: line 20: cdo: command not found
./process_unit.sh: line 20: cdo: command not found
./process_unit.sh: line 26: cdo: command not found
./process_unit.sh: line 20: cdo: command not found
./process_unit.sh: line 26: cdo: command not found
./process_unit.sh: line 26: cdo: command not found
./process_unit.sh: line 20: cdo: command not found
rm: ukesm1-0-ll_r1i1p1f2_w5e5_historical_tas_mojave_monthly_[0-9]*.nc: No such file or directory
./process_unit.sh: line 26: cdo: command not found
rm: gfdl-esm4_r1i1p1f1_w5e5_historical_tas_mojave_monthly_[0-9]*.nc: No such file or directory
rm: mri-esm2-0_r1i1p1f1_w5e5_historical_tas_mojave_monthly_[0-9]*.nc: No such file or directory
rm: ipsl-cm6a-lr_r1i1p1f1_w5e5_historical_tas_mojave_monthly_[0-9]*.nc: No such file or directory
rm: mpi-esm1-2-hr_r1i1p1f1_w5e5_historical_tas_mojave_monthly_[0-9]*.nc: No such file or directory
